INFO 2023-08-01 19:38:14,142 autoreload Watching for file changes with StatReloader
INFO 2023-08-01 19:39:20,954 autoreload Watching for file changes with StatReloader
INFO 2023-08-01 19:39:25,909 basehttp "GET /s1/ev/ HTTP/1.1" 200 2639
WARNING 2023-08-01 19:39:25,964 basehttp "GET /static/CRUD_APP/css/crud.css HTTP/1.1" 404 1822
INFO 2023-08-01 19:40:54,429 autoreload C:\Users\HP-PC\Desktop\Project\django_crud_log\project1\app1\views.py changed, reloading.
INFO 2023-08-01 19:40:56,018 autoreload Watching for file changes with StatReloader
INFO 2023-08-01 19:41:01,908 basehttp "GET /s1/ev/ HTTP/1.1" 200 2639
WARNING 2023-08-01 19:41:01,943 basehttp "GET /static/CRUD_APP/css/crud.css HTTP/1.1" 404 1822
INFO 2023-08-01 19:42:55,124 autoreload C:\Users\HP-PC\Desktop\Project\django_crud_log\project1\app1\views.py changed, reloading.
INFO 2023-08-01 19:42:56,277 autoreload Watching for file changes with StatReloader
INFO 2023-08-01 19:43:02,041 basehttp "GET /s1/ev/ HTTP/1.1" 200 2639
WARNING 2023-08-01 19:43:02,078 basehttp "GET /static/CRUD_APP/css/crud.css HTTP/1.1" 404 1822
INFO 2023-08-01 19:44:31,773 autoreload C:\Users\HP-PC\Desktop\Project\django_crud_log\project1\app1\views.py changed, reloading.
INFO 2023-08-01 19:44:32,830 autoreload Watching for file changes with StatReloader
INFO 2023-08-01 19:44:35,529 autoreload C:\Users\HP-PC\Desktop\Project\django_crud_log\project1\app1\views.py changed, reloading.
INFO 2023-08-01 19:44:37,136 autoreload Watching for file changes with StatReloader
INFO 2023-08-01 19:44:52,707 autoreload C:\Users\HP-PC\Desktop\Project\django_crud_log\project1\app1\views.py changed, reloading.
INFO 2023-08-01 19:44:54,152 autoreload Watching for file changes with StatReloader
INFO 2023-08-01 19:44:57,011 autoreload C:\Users\HP-PC\Desktop\Project\django_crud_log\project1\app1\views.py changed, reloading.
INFO 2023-08-01 19:44:58,227 autoreload Watching for file changes with StatReloader
INFO 2023-08-01 19:45:02,092 autoreload C:\Users\HP-PC\Desktop\Project\django_crud_log\project1\app1\views.py changed, reloading.
INFO 2023-08-01 19:45:03,196 autoreload Watching for file changes with StatReloader
INFO 2023-08-01 19:45:08,045 autoreload C:\Users\HP-PC\Desktop\Project\django_crud_log\project1\app1\views.py changed, reloading.
INFO 2023-08-01 19:45:09,061 autoreload Watching for file changes with StatReloader
INFO 2023-08-01 19:45:12,868 autoreload C:\Users\HP-PC\Desktop\Project\django_crud_log\project1\app1\views.py changed, reloading.
INFO 2023-08-01 19:45:13,965 autoreload Watching for file changes with StatReloader
INFO 2023-08-01 19:45:24,368 autoreload C:\Users\HP-PC\Desktop\Project\django_crud_log\project1\app1\views.py changed, reloading.
INFO 2023-08-01 19:45:25,738 autoreload Watching for file changes with StatReloader
INFO 2023-08-01 19:45:27,551 autoreload C:\Users\HP-PC\Desktop\Project\django_crud_log\project1\app1\views.py changed, reloading.
INFO 2023-08-01 19:45:28,555 autoreload Watching for file changes with StatReloader
INFO 2023-08-01 19:45:32,547 autoreload C:\Users\HP-PC\Desktop\Project\django_crud_log\project1\app1\views.py changed, reloading.
INFO 2023-08-01 19:45:33,650 autoreload Watching for file changes with StatReloader
INFO 2023-08-01 19:45:35,326 autoreload C:\Users\HP-PC\Desktop\Project\django_crud_log\project1\app1\views.py changed, reloading.
INFO 2023-08-01 19:45:36,710 autoreload Watching for file changes with StatReloader
INFO 2023-08-01 19:45:45,064 autoreload C:\Users\HP-PC\Desktop\Project\django_crud_log\project1\app1\views.py changed, reloading.
INFO 2023-08-01 19:45:46,259 autoreload Watching for file changes with StatReloader
INFO 2023-08-01 19:45:52,887 basehttp "GET /s1/ev/ HTTP/1.1" 200 2639
WARNING 2023-08-01 19:45:53,231 basehttp "GET /static/CRUD_APP/css/crud.css HTTP/1.1" 404 1822
INFO 2023-08-01 19:52:46,447 autoreload C:\Users\HP-PC\Desktop\Project\django_crud_log\project1\app1\views.py changed, reloading.
INFO 2023-08-01 19:52:47,515 autoreload Watching for file changes with StatReloader
INFO 2023-08-01 19:58:14,087 basehttp "GET /s1/ev/ HTTP/1.1" 200 2639
WARNING 2023-08-01 19:58:14,139 basehttp "GET /static/CRUD_APP/css/crud.css HTTP/1.1" 404 1822
INFO 2023-08-01 19:59:37,697 autoreload C:\Users\HP-PC\Desktop\Project\django_crud_log\project1\app1\views.py changed, reloading.
INFO 2023-08-01 19:59:38,673 autoreload Watching for file changes with StatReloader
INFO 2023-08-01 19:59:47,414 basehttp "GET /s1/ev/ HTTP/1.1" 200 2639
WARNING 2023-08-01 19:59:47,471 basehttp "GET /static/CRUD_APP/css/crud.css HTTP/1.1" 404 1822
INFO 2023-08-01 20:04:34,603 autoreload C:\Users\HP-PC\Desktop\Project\django_crud_log\project1\project1\settings.py changed, reloading.
INFO 2023-08-01 20:06:04,960 autoreload Watching for file changes with StatReloader
INFO 2023-08-01 20:06:11,266 basehttp "GET /s1/ev/ HTTP/1.1" 200 2639
WARNING 2023-08-01 20:06:11,324 basehttp "GET /static/CRUD_APP/css/crud.css HTTP/1.1" 404 1822
ERROR 2023-08-01 20:06:12,800 views All records are fetch and displayed on show page 
INFO 2023-08-01 20:06:12,830 basehttp "GET /s1/ehv/ HTTP/1.1" 200 2389
WARNING 2023-08-01 20:06:12,866 basehttp "GET /static/CRUD_APP/css/crud.css HTTP/1.1" 404 1822
ERROR 2023-08-01 20:06:20,676 views All records are fetch and displayed on show page 
INFO 2023-08-01 20:06:20,687 basehttp "GET /s1/ehv/ HTTP/1.1" 200 2389
WARNING 2023-08-01 20:06:20,728 basehttp "GET /static/CRUD_APP/css/crud.css HTTP/1.1" 404 1822
WARNING 2023-08-01 20:06:36,244 log Not Found: /s1/a/
WARNING 2023-08-01 20:06:36,245 basehttp "GET /s1/a/ HTTP/1.1" 404 2918
